\BOOKMARK [1][-]{section.1}{Introduction \046 Contexte}{}% 1
\BOOKMARK [1][-]{section.2}{Conception d'un Data Warehouse ou Datamart}{}% 2
\BOOKMARK [2][-]{subsection.2.1}{\311tude des donn\351es produites par l\220interm\351diaire des applications actuellement en place}{section.2}% 3
\BOOKMARK [3][-]{subsubsection.2.1.1}{Calcul de la m\351thode Wilson}{subsection.2.1}% 4
\BOOKMARK [3][-]{subsubsection.2.1.2}{Optimisation du stock de s\351curit\351 :}{subsection.2.1}% 5
\BOOKMARK [3][-]{subsubsection.2.1.3}{Taux de disponibilit\351 : mesure quelle quantit\351 de nos produits sont en vente}{subsection.2.1}% 6
\BOOKMARK [3][-]{subsubsection.2.1.4}{Taux d\220occupation : mesure la place disponible dans les hangars}{subsection.2.1}% 7
\BOOKMARK [3][-]{subsubsection.2.1.5}{Pr\351dire les effets de mode}{subsection.2.1}% 8
\BOOKMARK [3][-]{subsubsection.2.1.6}{Eviter les livraisons partielles}{subsection.2.1}% 9
\BOOKMARK [3][-]{subsubsection.2.1.7}{Evitez le blocage de l\220activit\351}{subsection.2.1}% 10
\BOOKMARK [3][-]{subsubsection.2.1.8}{R\351sum\351 des analyses pr\351alables}{subsection.2.1}% 11
\BOOKMARK [2][-]{subsection.2.2}{\311tude des donn\351es provenant de sources externes}{section.2}% 12
\BOOKMARK [2][-]{subsection.2.3}{L\220apport du Data Mining \046 la visualisation des donn\351es de So Emballage}{section.2}% 13
\BOOKMARK [1][-]{section.3}{Conception du Datamart afin de r\351pondre \340 la probl\351matique de l\220entreprise SO-EMBALLAGE}{}% 14
\BOOKMARK [2][-]{subsection.3.1}{Solution A}{section.3}% 15
\BOOKMARK [2][-]{subsection.3.2}{Solution B}{section.3}% 16
\BOOKMARK [2][-]{subsection.3.3}{Choix de la solution}{section.3}% 17
\BOOKMARK [2][-]{subsection.3.4}{Les indicateurs propos\351s}{section.3}% 18
\BOOKMARK [2][-]{subsection.3.5}{D\351monstration des r\351sultats obtenus}{section.3}% 19
\BOOKMARK [2][-]{subsection.3.6}{Alimentation du DataWareHouse}{section.3}% 20
\BOOKMARK [2][-]{subsection.3.7}{Pr\351conisations}{section.3}% 21
\BOOKMARK [1][-]{section.4}{Sources}{}% 22
